=== 2026-03-21 07:47:18 ===
Script started
File received: a805be8d-2ffd-46ec-9cfa-d8402e91ae5a.jpg
File size: 396651
File saved to: D:\XAMPP\htdocs\Thesis1/public/uploads/gwa_1774075638_69be3ef67de24.jpg
preprocessImage started
Original image: 1330x2047, type: 2
Applied grayscale filter
Applied contrast filter
Applied brightness filter
Applied sharpening filter
Resized to 1299x2000
Saved preprocessed image to: D:\XAMPP\htdocs\Thesis1/public/uploads/gwa_1774075638_69be3ef67de24.jpg_preprocessed.jpg
Preprocessed image: D:\XAMPP\htdocs\Thesis1/public/uploads/gwa_1774075638_69be3ef67de24.jpg_preprocessed.jpg
extractTextFromImage started
Trying PSM mode: 6
Trying PSM mode: 3
Trying PSM mode: 4
Trying PSM mode: 11
Trying PSM mode: 12
Total extracted text length: 12630
Extracted text: 
--- PSM 6 ---
é
if AR Republic of the Philippines Re FT)
| BS Depactment of Education
; _ Learner's Permanent Academic Record for Junior High School (SF10-JHS)
| frarmerty form 137)
LEARSIER'S INFORMATION
CAST NAME ROSARIO FURST Pease: SHARMANE NAME XTH.: MIDOLE MAME: HABAB
Learner Reference Kumber ORT} 197912131068 Birindate (mm/dd/yyyy): 01-14-2007 Sex FEMALE
| EUGIBILITY FOR JH$ ENROUMENT
| ro fiementary School Completer General Average, 32 Gtation’ if Arv] |
ia Name of Clementary Schoo! atarcag Hementary tchoot School 107912 _atrace ct Shont Brgy. Buroll, CityofDasma |
Onnet Credential Prevented:
Co] cvrrraner rating TT) is awe Pacer pating: —__ [1 others tots, specitys:
Oote of Caamination/Astecument (mm/ad/vryy) Name and Address of Testing Center OT
5 SCHOLASTIC RECORD
SchOSE ALAWAG NATIONAL HIGH SCHOCR School ID: 100526 District Division: DASMARINAS Region: 1 |
(Claaaified as Grado: z Section: PALMA School Year: 2015-2020 Namo of AdviserfTeacher: DONALD A IGCASENZA Signaturo: Jt
Quarterly Rating FINAL my
—— a ~_
Filipine Je | oe | 2 | | so | passe SCSC~*«d
lenge Cd | || PASSED
[Mathematics | Od) Sts S| | ge PASSED
a
[Technology and Livefthood Education muy | ss | se | as | 9s | 95 | ———somassep
Maren gt ss 90 | SS ase
a OO
aD |
| PhysicaEducation dT || Cd
a |
a |
| a
pO eterat average «dS | SSO
Conducted from (mm/dd/yy) to (menfdcyyry) ____
| tearing Areas Final Rating [| ""“Remerial Glass Mark | RecomputedFinal | ____‘Remaris
ee ES
eS SY |
echoot: olyna  Wittnal a En) School ib: ite Distiel vison Datmart0 Region: W-
Classified a Grade: 2 Section. b Schoo! Year; 2rAgi Name of AdviserfTeacher: RUIBDIP (.- brit JR Signature: Lesa
a re er ee
i} $|-@ 4a fate fe :
[EdukasyonsaPagpapatatao(esp) | a | OL | Ce | Od aed |
2
| PhysicalEducation dL OT TC TC Cd
| Heath oe oe dt
ere) ES NE
eS Oe es Se
[ener average er ed
1
| Remedial Gases [Conducted from (mm/dd/yvw) ____ ame tO (rem /fyyyy) LO
[learning Areas |" Final Rating [Remedial lass Mark | “Recomputed Final [Remarks |
| eS =
<tT2 Euicipte For GRAY
CERTIFICATION mee IROPCAL VILLAGE NEG
MARK A Poa CREUS, PhD 30/173 |
CERTIFY that this is atruerecordet POCARID SHARMANE  HApaS with tan OT FIDID1DGR — andthat MABEL emission to Grade & H
Name of School: “BOP ICK Vit AGE MHC Schoolio; e) ar Last School Year Attended: ~
. RAFAEL R. TROPICO

--- PSM 3 ---
Republic of the Philippines
Depactment of Education
Learner's Permanent Academic Record for Junior High School (SF10-JHS)

frarmerty form 137)

LEARNER'S INFORMATION
CAST NAME ROSARIO FURST eased; SHARMANE

Leamot Reference Mumber (LRA 107912131062

NAME ExTH.: MIDOLE MAME: HABAB
Dirndata [mm/éd/yyyy}: 01-14-2007 Sex FEMALE

FUGIBILITY FOR JHS ENROUMENT
:

| { [] __ tementary School Completer General Average: 2 Diatlon: [if Anv) j
im Name of Dlementary Schoo! ataneag Dlamentary tchood School IO. 107912 sseoeot uchont Brgy. Buroll, CityofDasma |
Onnet Credential Prevented
[7] cerreacer Rating: AISA BE Paster Rating: [7] others tts, Specityy:
Oote of Exarvnation/Acevument (mm/ad/veyr? Mame and Address of Testing Center
SCHOLASTIC RECORD
SCHOO sALAWAG NATIONAL MIGH SCHOCR «= School ID; 00526 District: Division: DASMARINAS Region: + H
(Classified as Grado: Z Sector PALMA School Year: 2015-2020 Name of AdviserTeacher: DONALD A IGCASENZA Signature: J+
Qurarterty Rating ANAL /
1 2 3 | «4 RATING RE 1
Filipino = eo | 92 | of i 90 PASSED
English | 33 EI | 96 Ea PASSED |
Mathematics 50 50 9s | 33 92 PASSED.
scence 50 2 4 | 9s 93 PASSED
Araling Paniipunan (AP) : 91 93 a | 4 92 PASSED
Edukasyon sa Pagpapakatao (ESP) EJ E-- J 30 94 89 PASSED
[Technology and Livelthood Education (TLE) 5 36 93 95 95 PASSED
IMAPEH EN 32 95 90 92 PASSED
Music . 31 5 95 95
Arts 31 2 91 89
Physical Education [30 EI 38 90
Te Es 30 96 a7 [ |
a
{ I

Gerieral Average 92 PROMOTED
Remedi! Classes Conducted from (mand); to (mm/dd/yyyy) =

Final Remarks

1D: TAC%G_ District Divisio:
‘School Year: 227g! Name of Adviserffeacher. EWEOID (,- GEIL Jk Signatn

QUARTER FINAL
LEARNING AREAS I z 3 4 RATING REMARKS
Fitipino w # Gi 90 tt Pattad
lengiish : Y ma oy oy 4 Paved
Mathematics { ¢ gy g En g Passed?
Science | al a 8) 20 g Passed
ing Paniipunan (AP) oD Fo 4 a2 | 4) Tava |
Edukasyon sa Pagpapakstao (Es?) {9 g Ci ul¢ % Toted i}
Technology and Livetthood Education (TLE) a 97 xa id 4 Pawiek {
IMAPEH Ui Gt % WE Passed
Music 1 | mt
Arts 4) a 14 | 4
|_ Physical Education 48 ay 9%, 14
Health (% 4 ag [44 _|
c
T General Average — 4 Tomotd
. 1
Remedial Casses Conducted from (mm/dd/yyyy) _, to (mm/dd/yy)
Learning Areas . Final Rating Remedial Class Mark Recomputed Final Remarks

ch GRATE
17” ROP VILLAGE NAG
. CREUS, PhD 301123

CERTIFICATION

CERTIFY that this is atruerecordet POCARID SHARMANE  HApaS with tan OT FIDID1DGR — andthat “admission to Grade 8, ‘
Name of School: POPICA VILAGE NHS schooro: D190% Last School Year Attended: 10} - 4a

RAFAEL R. TROPICO

--- PSM 4 ---
ye

Republic of the Philippines
Depactment of Education

Learner's Permanent Academic Record for Junior High School (SF10-JHS)

fFarmerty form 137)

LEARNER'S INFORMATION

CAST NAMIE ROSARIO FIRST aad SHARMANE NAME EXTH.: MIDOUE MAME: HABAB
Learner Reference Kumber ORT} 197912131068 Uirindate (mm/dd/yy): 01-14-2007 Sex FEMALE

EUGIBILITY FOR JMS ENROLMENT

[- [] __ tementary School Completer General Average: 2 Diatlon: [if Anv) j
L Name of Clementary Schoo! Sataveng Mamentary tchoot School IO: 107912 Ademeol choot Brgy. Burol I, Gty of Dasma j
Onnet Credential Prevented:
[7] cerreacer Rating: AISA BE Paster Rating: [7] others tts, Specityy:
Oote of Exarvnation/Acevument (mm/ad/veyr? Mame and Address of Testing Center
SCHOLASTIC RECORD
SCHOO sALAWAG NATIONAL MIGH SCHOCR «= School ID; 00526 District: Division: DASMARINAS Region: + H
‘Classified as Grado: Fé Geoctioes PALMA School Year: 2015-2020 Name of AdviserfTeacher: DONALD A IGCASENZA Signaturo:
Quasterty Rating FINAL /
1 2 3 | «4 RATING REMARKS 1
Filipino = eo | 92 | of i 90 PASSED
English | 33 EI | 96 Ea PASSED |
Mathematics 50 50 9s | 33 92 PASSED.
scence 50 2 4 | 9s 93 PASSED
Arating Panfipuran (AP) - $1 93 a | 4 92 PASSED
Edukasyon a Pagpapakatao (Es?) Ec] E-- J 30 94 89 PASSED
[Technology and Livelthood Education (TLE} 5 36 93 95 95 PASSED
IMAPEH EN 92 95 90 92 PASSED
Music . 31 EA 95 95
Arts 31 2 91 89
Physical Education [30 EI 38 90
nese 1 30 96 a7 { |
| | |
!
{ L Gerveral Average 92 PROMOTED
Remedial Classes Conducted from (mand); to (mm/dd/yyyr) -
Learning Areas Final Rating Remedial Class Mark T Recomputed Final Remarks

lengiish : Y ma oy oy 4 Paved
Mathematics { ¢ gy g En g Passed?
Science | al a 8) 20 g Passed
jing Panlipunan (AP) 90 50 4 92 il Tavat |
Edukasyon sa Pagpapakstao (Es?) {9 g Ci ul¢ % Toted i}
Technology and Livetthood Education (TLE) a 97 xa id 4 Pawiek {
MAPEH 9% G4 Cia 72. Pased |
Music a | mt
Arts a wT Ci
|_ Physical Education 48 ay 9%, 14
Health (% 4 ag [44 _|
c
T General Average — 4 Tomotd
. 1
[ Remedial Classes Conducted from (mm/dd/yyvy) _, to (mm/dd/yy)
Learning Areas . Final Rating Remedial Class Mark Recomputed Final Remarks

CERTIFICATION dZ ROPCAL VILLAGE NEG
MARK ATROGP. CREUS, PRD 30|'1)2
CERTIFY that this is atruerecordet POCARID SHARMANE  HApaS with tan OT FIDID1DGR — andthat “admission to Grade 8, ‘
Name of School: “POPICAL yi LAGE MH Schoot ip: D190% Last School Year Attended: 10} - 4a

RAFAEL R. TROPICO


--- PSM 11 ---
wy

Republic of the Philippines

Depactment of Education

Learner's Permanent Academic Record for Junior High School (SF10-JHS)

fFarmerty form 137)

LEARNER'S INFORMATION

CAST NAME

ROSARIO

FURST Pease:

SHARMANT

NAME €XTH.:

MIDOLE MAME:

HABAB

Learner Reference Humber (Lap.

197912131062

Olrindate |mm/ddfyyyy:

1-14-2007

Sex

FEMALE

EUGIBILITY FOR FHS ENROUMENT

ro

Elementary School Completer

Generat Average:

gz

tation: (If Army)

L

Name of Clementary School

Lataneag Nementary tho!

School 0:

107912 Ateoract who

Oiner Credential Prevented

Brgy. Bural |, Gity of Dasma

(2) cterpaner Rating:

ALS ABE Passer Rating:

[ | Others (Pts. Specify}:

Sore of Cxamunation/Asresement (mm/ed/iryi)

Mame and Address of Testing Center

SCHOLASTIC RECORD

ScNOoE sALAWAG NATIONAL HIGH SCHOG == School ID: = 400526 District

Division: DASMARINAS

Region:

’

H

(Classified as Grade:

z

Becton: PALMA School Year: 2015-2020

Name of AdviserTeacher: DONALD A IGCASENZA Signature: J+

LEAPMING AREAS

Quarterly Rating

ANAL

/

3

4

RATING

REMARKS

Filipino

|

30

PASSED.

fEngiizh

2

34

PASSED.

Mathematics

93

a2

PASSED

Science

35

33

PASSED

Araling Pantipuran (AP)

91

94

92

PASSED

Edukasyon sa Pagpapakatao(EsP)

34

89

PASSED

[Technology and Livelthood Education (TLE)

95

35

PASSED

IMAPEH

35

90

92

Music

PASSED

95

Asts

91

Ex)

‘hysical Education

so

Health

be

Gerieral Average

52

PROMOTED

Conducted from (madd /;

to (mm/dd/yyyr)

—————

Final Rating

Remedial Class Mark

| _Recomputed Fi

inal

Remarks

7)

tinal Ten (bal

(Si District

Divisio:

AAT

Classified as Grade: _@ Section:

‘School Year: 22rig| Name of AdviserfTeacher, EWGOI2 (,- GEtiL JR Signature

QUARTER

FINAL

LEARNING AREAS

RATING

=

90

tt

Pattad

Jengitsh

nj

a

ae

4

Mathematics

Paved

4

Passed?

Science

20

Pash

ing Panlipunan (AP)

=

Go

4

92.

4}

Ais

|Edukasyon sa Pagpapakstao (EsP)

cig

Teued

Technology and Livetihood Education (TLE)

a6

4.

4

Pack

IMAPEH

2%

la

Ci

WE

Music

Passed

Arts

Ca

at

#

a

Te

Physical Education

40

94

24

Health

[4%

cz

44

General Average

A

l2 morta

Remedial Classes

Conducted from (mm/adiyyw)

_, to (mm/dd/yy)

Learning Areas

- Final Rating

Remedial Class Mark

Recomputed Final

Remarks

Tk

ELGIBLE

CERTIFICATION

t

MARK A

i

OPCAL VILLAGE NAG

. CREUS, PhD 30/173

CERTIFY that this is atruerecordet POCARID SHARMANE  HApaS with tan

D110

and that

Varn

admission to Grade 8.

4

Name of School:

ROPICAL yi LAGE MH Schoot ip: Dlr Last School Year Attended:

nad ~ 4%

oar

RAFAEL R. TROPICO_

--- PSM 12 ---
Republic of the Philippines

Depactment of Education

Learner's Permanent Acadernic Record for Junior High School (SF10-JHS)

fFarmerty form 137)

LEARNER'S INFORMATION

CAST NAME

ROSARIO

FURST Pease:

SHARMANT

NAME €XTH.

MIDOLE MAME:

HABAB

Learner Reference Humber (Lap.

197912131062

Birthdate |emm/ddfyyyyt

1-14-2007

Sex

FEMALE

EUGIBILITY FOR FHS ENROUMENT

ro

Elementary School Completer

General Average:

gz

tation: (If Army)

L

Name of Clementary School

Lataneag Nementary tho!

School ID:

107912 Ateoract who

Other Credential Prevented

Brgy. Bural |, City of Dasma

i ee

ALS ABE Passer Rating:

[ Others (P's. Specify}:

Sore of Cxamunation/Asresement (mm/ed/iryi)

Mame and Address of Testing Center

SCHOLASTIC RECORD

ScNOoE sALAWAG NATIONAL HIGH SCHOG == School ID: = 400526 District

Division: DASMARINAS

Region:

’

H

(Classified as Grade:

z

Sections PALMA School Year: 2015-2020

Name of Adviser’Teacher: DONALD A IGCASENZA Signatura: J+

LEAPMING AREAS

ANAL

/

RATING

REMARKS

Filipino

30

PASSED.

fEngiizh

—

f

34

PASSED.

Mathematics

a2

PASSED

Science

PASSED

Araling Pantipuran (AP)

PASSED

rete

Edukasyon sa Pagpapakatao(EsP)

PASSED

[Technology and Livelthood Education (TLE)

:

PASSED

IMAPEH

92

Music

PASSED

Asts

BRIS [RK ER BRB

‘hysical Education

so

Health

=

Ede haaeepatcleataecaten ig og

BPR YS RIS 1h 188 128 [8 1S SBS

:

is ee ne

Gerieral Average

52

PROMOTED

Conducted cee el

to (men/dd/yyey)

Pass

Remedial Class Mark

T Recomputed Final

Remarks

7)

tinal Ten (bal

fase

Divisio:

AAT

Classified as Grade: _@ Section:

‘School Year: 22rig| Name of AdviserfTeacher, EWGOI2 (,- GEtiL JR Signature

QUARTER

FINAL

LEARNING AREAS

RATING

=

90

tt

Pattad

lengiish

nj

a

ae

4

Mathematics

Paved

;

4

Passed?

Science

20

Pash

ing Panlipunan (AP)

a

4

92.

4}

Ais

jukasyon sa Pagpapakstao (EsP)

cig

Teued

Technology and Livetihood Education (TLE)

ag

4.

4

Pack

IMAPEH

la

Ci

WE

Music

1s

Passed

Arts

Ca

at

Te

Physical Education

40

94

24

Health

["#

|

44

General Average

A

l2 morta

Remedial Classes

Conducted from (mm/dd/yyyy)

to (mm/dd/yyw)}

Learning Areas

Final Rating

Remedial Class Mark

Recomputed Final

Remarks

Tk

ELGIBLE

CERTIFICATION

t

MARK A

i

OPCAL VILLAGE HS

. CREUS, PhD 30/173

CERTIFY that this is atruerecordet POCARID SHARMANE  HApaS with tan

D110

and that

Varn

dmission to Grade 8.

Name of School:

ROPICAL yi LAGE MHC Schoott0: Dlr Last School Year Attended

nad ~ 4%

oar

RAFAEL R. TROPICO

findGWAInText started
Cleaned text:  --- PSM 6 --- é if AR Republic of the Philippines Re FT) | BS Depactment of Education ; _ Learner's Permanent Academic Record for Junior High School (SF10-JHS) | frarmerty form 137) LEARSIER'S INFOR
Found labeled number: 2 from pattern: /GENERAL\s*AVERAGE[:\s]*([0-9]+\.?[0-9]*)/i
Extracted GWA: 2
convertToPhilippineGWA called with: 2
Already in GWA scale: 2
Converted GWA: 2
=== 2026-03-21 07:48:31 ===
Script started
File received: Table-9-Grade-11-2nd-Semester-of-ABM-Strand.jpg
File size: 259278
File saved to: D:\XAMPP\htdocs\Thesis1/public/uploads/gwa_1774075711_69be3f3f03114.jpg
preprocessImage started
Original image: 1394x929, type: 2
Applied grayscale filter
Applied contrast filter
Applied brightness filter
Applied sharpening filter
Saved preprocessed image to: D:\XAMPP\htdocs\Thesis1/public/uploads/gwa_1774075711_69be3f3f03114.jpg_preprocessed.jpg
Preprocessed image: D:\XAMPP\htdocs\Thesis1/public/uploads/gwa_1774075711_69be3f3f03114.jpg_preprocessed.jpg
extractTextFromImage started
Trying PSM mode: 6
Trying PSM mode: 3
Trying PSM mode: 4
Trying PSM mode: 11
Trying PSM mode: 12
Total extracted text length: 2434
Extracted text: 
--- PSM 6 ---
Table 9. Grade 11, 2nd Semester of ABM strand
[  seete—“(<ié‘“‘“(“‘C(‘(<ésSPC}CO CU Semectee
(2. hr LC tee
[Reading and Writing Skills [| 80 | 838
ising Teno mgesavanmaie || 8
Ibang Teksto tungo sa Pananaliksik
[Physical Education and Health [90 | 88_—=| oi
forProtsonal face | |
for Professional Tracks
[Business Math SYS SCYS
Business and Management 1
Semester

--- PSM 3 ---
Table 9. Grade 11, 2nd Semester of ABM strand

ec

83

eading and Writing Skills 80 82
Pagbasa at Pagsusuri ng Iba’t
86
Ibang Teksto tungo sa Pananaliksik 8S 85
Statistics and Probability 82 87
Physical Science 88 87

Physical Education and Health

Empowerment Technologies: ICT

Semester

for Professional Tracks 80 5S Be
Business Math 87 86 87
Organization and Management 85 81 83
Fundainenials of Accounting, 84 81 33
Business and Management 1

General Average for the 35


--- PSM 4 ---
Table 9. Grade 11, 2nd Semester of ABM strand

Pagbasa at Pagsusuri ng Iba’t
Ibang Teksto tungo sa Pananaliksik
Statistics and Probability 82 87
Physical Science 88 87
Physical Education and Health

86 85 86

Empowerment Technologies: ICT

2
for Professional Tracks 80 5S 5

Business Math 87 86 87
Organization and Management 85 81 83
Fundamentals of Accounting, 84 81 33

Business and Management 1

General Average for the

85
Semester


--- PSM 11 ---
Table 9. Grade 11, 2nd Semester of ABM strand

ec

eading and Writing Skills

80

83

82

Pagbasa at Pagsusuri ng Iba’t

86

85

86

Ibang Teksto tungo sa Pananaliksik

82

87

85

Statistics and Probability

Physical Science

88

87

88

90

88

89

Physical Education and Health

Empowermerit Technologies: ICT

80

83

82

for Professional Tracks

Business Math

87

86

87

Organization and Management

85

81

83

Fundamentals of Accounting,

84

81

83

Business and Management 1

General Average for the

85

Semester

--- PSM 12 ---
Table 9. Grade 11, 2nd Semester of ABM strand

ec

eading and Writing Skills

80

83

82

Pagbasa at Pagsusuri ng Iba’t

86

85

86

Ibang Teksto tungo sa Pananaliksik

82

87

85

Statistics and Probability

Physical Science

88

87

88

90

88

89

Physical Education and Health

Empowermerit Technologies: ICT

80

83

82

for Professional Tracks

Business Math

87

86

87

Organization and Management

85

81

83

Fundamentals of Accounting,

84

81

83

Business and Management 1

General Average for the

85

Semester

findGWAInText started
Cleaned text:  --- PSM 6 --- Table 9. Grade 11, 2nd Semester of ABM strand [ seete—“(<ié‘“‘“(“‘C(‘(<ésSPC}CO CU Semectee (2. hr LC tee [Reading and Writing Skills [| 80 | 838 ising Teno mgesavan
Found number near keyword 'grade': 11
Found number near keyword 'grade': 2
Extracted GWA: 2
convertToPhilippineGWA called with: 2
Already in GWA scale: 2
Converted GWA: 2
