[2026-03-26 19:40:19] Email accepted by SMTP server for manuelsalditos+scholarshiptest@gmail.com
[2026-03-26 19:41:40] Email accepted by SMTP server for boboul90@gmail.com
[2026-03-26 19:42:10] Email accepted by SMTP server for boboulol90@gmail.com
[2026-03-26 19:56:45] Email accepted by SMTP server for salditos.manuelshawn@ncst.edu.ph
[2026-03-26 20:00:46] Email accepted by SMTP server for salditos.manuelshawn@ncst.edu.ph
[2026-03-26 20:06:11] Email accepted by SMTP server for salditos.manuelshawn@ncst.edu.ph
[2026-03-26 20:08:31] Email accepted by SMTP server for manuelsalditos@gmail.com
[2026-03-26 20:09:22] Email accepted by SMTP server for salditos.manuelshawn@ncst.edu.ph
[2026-03-30 17:55:23] Email accepted by SMTP server for rosario.jameslouis@ncst.edu.ph
[2026-04-01 09:45:23] Email accepted by SMTP server for rosario.jameslouis@ncst.edu.ph
[2026-04-01 13:22:48] Email accepted by SMTP server for rosario.jameslouis@ncst.edu.ph
[2026-04-01 13:50:17] Email accepted by SMTP server for jayms3rd@gmail.com
[2026-04-01 17:34:47] Email accepted by SMTP server for chosenonet018@gmail.com
[2026-04-01 21:53:29] Email accepted by SMTP server for manuelsalditos@gmail.com
[2026-04-02 13:25:41] Email accepted by SMTP server for jayms3rd@gmail.com
[2026-04-04 13:01:06] Email accepted by SMTP server for jayms3rd@gmail.com
[2026-04-04 13:55:47] Email accepted by SMTP server for chosenonet018@gmail.com
[2026-04-05 10:06:12] Email accepted by SMTP server for rosario.jameslouis@ncst.edu.ph
[2026-04-05 10:35:06] Email accepted by SMTP server for jaym3rd@gmail.com
[2026-04-05 10:36:11] Email accepted by SMTP server for jayms3rd@gmail.com
[2026-04-05 10:49:22] Email accepted by SMTP server for jayms3rd@gmail.com
[2026-04-05 10:53:50] Email accepted by SMTP server for rosario.jameslouis@ncst.edu.ph
[2026-04-05 19:31:03] Email accepted by SMTP server for rosario.jameslouis@ncst.edu.ph
[2026-04-06 18:27:39] Email accepted by SMTP server for testemail@gmail.com
[2026-04-06 18:45:35] Email accepted by SMTP server for notiw65173@nyspring.com
[2026-04-06 19:12:30] Email accepted by SMTP server for peterpancake147@gmail.com
